<?xml version="1.0" encoding="UTF-8"?>
<testng-results ignored="0" total="1" passed="1" failed="0" skipped="0">
  <reporter-output>
  </reporter-output>
  <suite started-at="2024-01-12T07:09:22 IST" name="Default suite" finished-at="2024-01-12T07:09:26 IST" duration-ms="4427">
    <groups>
    </groups>
    <test started-at="2024-01-12T07:09:22 IST" name="Default test" finished-at="2024-01-12T07:09:26 IST" duration-ms="4427">
      <class name="asssignments.UITestPractise">
        <test-method is-config="true" signature="beforeTest()[pri:0, instance:asssignments.UITestPractise@32ee6fee]" started-at="2024-01-12T07:09:22 IST" name="beforeTest" finished-at="2024-01-12T07:09:24 IST" duration-ms="2467" status="PASS">
          <reporter-output>
          </reporter-output>
        </test-method> <!-- beforeTest -->
        <test-method signature="verifyHomePage()[pri:0, instance:asssignments.UITestPractise@32ee6fee]" started-at="2024-01-12T07:09:24 IST" name="verifyHomePage" finished-at="2024-01-12T07:09:26 IST" duration-ms="1722" status="PASS">
          <reporter-output>
          </reporter-output>
        </test-method> <!-- verifyHomePage -->
        <test-method is-config="true" signature="afterTest()[pri:0, instance:asssignments.UITestPractise@32ee6fee]" started-at="2024-01-12T07:09:26 IST" name="afterTest" finished-at="2024-01-12T07:09:26 IST" duration-ms="150" status="PASS">
          <reporter-output>
          </reporter-output>
        </test-method> <!-- afterTest -->
      </class> <!-- asssignments.UITestPractise -->
    </test> <!-- Default test -->
  </suite> <!-- Default suite -->
</testng-results>
